<?xml version="1.0" encoding="UTF-8" ?>
<testsuite tests="8" failures="0" name="com.mycompany.calculator.StringCalculatorTest" time="0.059" errors="0" skipped="0">
  <properties>
[...]
</properties>
  <testcase classname="com.mycompany.calculator.StringCalculatorTest" name="com.mycompany.calculator.StringCalculatorTest.testNumbers" time="0.024"/>
  <testcase classname="com.mycompany.calculator.StringCalculatorTest" name="com.mycompany.calculator.StringCalculatorTest.testMoreThanOne" time="0"/>
  <testcase classname="com.mycompany.calculator.StringCalculatorTest" name="com.mycompany.calculator.StringCalculatorTest.testNegative" time="0.024"/>
  <testcase classname="com.mycompany.calculator.StringCalculatorTest" name="com.mycompany.calculator.StringCalculatorTest.testSeprator" time="0"/>
  <testcase classname="com.mycompany.calculator.StringCalculatorTest" name="com.mycompany.calculator.StringCalculatorTest.testAdd" time="0.011"/>
  <testcase classname="com.mycompany.calculator.StringCalculatorTest" name="com.mycompany.calculator.StringCalculatorTest.testUserDefinedSeprator" time="0"/>
  <testcase classname="com.mycompany.calculator.StringCalculatorTest" name="com.mycompany.calculator.StringCalculatorTest.testGreaterThanThousandValue" time="0"/>
  <testcase classname="com.mycompany.calculator.StringCalculatorTest" name="com.mycompany.calculator.StringCalculatorTest.testAnyLengthDelimeter" time="0"/>
</testsuite>